#
# There is insufficient memory for the Java Runtime Environment to continue.
# Native memory allocation (mmap) failed to map 65536 bytes for Failed to commit metaspace.
# Possible reasons:
#   The system is out of physical RAM or swap space
#   The process is running with CompressedOops enabled, and the Java Heap may be blocking the growth of the native heap
# Possible solutions:
#   Reduce memory load on the system
#   Increase physical memory or swap space
#   Check if swap backing store is full
#   Decrease Java heap size (-Xmx/-Xms)
#   Decrease number of Java threads
#   Decrease Java thread stack sizes (-Xss)
#   Set larger code cache with -XX:ReservedCodeCacheSize=
#   JVM is running with Zero Based Compressed Oops mode in which the Java heap is
#     placed in the first 32GB address space. The Java Heap base address is the
#     maximum limit for the native heap growth. Please use -XX:HeapBaseMinAddress
#     to set the Java Heap base and to place the Java Heap above 32GB virtual address.
# This output file may be truncated or incomplete.
#
#  Out of Memory Error (virtualSpaceNode.cpp:110), pid=8808, tid=9596
#
# JRE version: OpenJDK Runtime Environment JBR-17.0.5+1-653.25-jcef (17.0.5+1) (build 17.0.5+1-b653.25)
# Java VM: OpenJDK 64-Bit Server VM JBR-17.0.5+1-653.25-jcef (17.0.5+1-b653.25, mixed mode, tiered, compressed oops, compressed class ptrs, g1 gc, windows-amd64)
# No core dump will be written. Minidumps are not enabled by default on client versions of Windows
#

---------------  S U M M A R Y ------------

Command Line: git4idea.http.GitAskPassApp Username for 'https://github.com': 

Host: Intel(R) Xeon(R) CPU E3-1230 v3 @ 3.30GHz, 8 cores, 15G,  Windows 10 , 64 bit Build 18362 (10.0.18362.1500)
Time: Sun Feb  4 22:58:56 2024 中国标准时间 elapsed time: 0.458597 seconds (0d 0h 0m 0s)

---------------  T H R E A D  ---------------

Current thread (0x0000019a302b4ab0):  JavaThread "main" [_thread_in_vm, id=9596, stack(0x0000002e2b000000,0x0000002e2b100000)]

Stack: [0x0000002e2b000000,0x0000002e2b100000]
Native frames: (J=compiled Java code, j=interpreted, Vv=VM code, C=native code)
V  [jvm.dll+0x6830ca]
V  [jvm.dll+0x83f4c4]
V  [jvm.dll+0x840c6e]
V  [jvm.dll+0x8412d3]
V  [jvm.dll+0x2490b5]
V  [jvm.dll+0x83b51b]
V  [jvm.dll+0x627496]
V  [jvm.dll+0x6274fa]
V  [jvm.dll+0x629d0a]
V  [jvm.dll+0x627e36]
V  [jvm.dll+0x23d0af]
V  [jvm.dll+0x631c85]
V  [jvm.dll+0x1ecfbb]
V  [jvm.dll+0x1ed4f5]
V  [jvm.dll+0x1ede14]
V  [jvm.dll+0x1e335c]
V  [jvm.dll+0x5476bd]
V  [jvm.dll+0x1f3c7b]
V  [jvm.dll+0x7b949b]
V  [jvm.dll+0x7ba8e2]
V  [jvm.dll+0x7bac18]
V  [jvm.dll+0x240e4e]
V  [jvm.dll+0x385a0b]
C  0x0000019a33d1f5c8

Java frames: (J=compiled Java code, j=interpreted, Vv=VM code)
j  java.lang.invoke.DirectMethodHandle.shouldBeInitialized(Ljava/lang/invoke/MemberName;)Z+66 java.base@17.0.5
j  java.lang.invoke.DirectMethodHandle.preparedLambdaForm(Ljava/lang/invoke/MemberName;Z)Ljava/lang/invoke/LambdaForm;+131 java.base@17.0.5
j  java.lang.invoke.DirectMethodHandle.preparedLambdaForm(Ljava/lang/invoke/MemberName;)Ljava/lang/invoke/LambdaForm;+2 java.base@17.0.5
j  java.lang.invoke.DirectMethodHandle.make(BLjava/lang/Class;Ljava/lang/invoke/MemberName;Ljava/lang/Class;)Ljava/lang/invoke/DirectMethodHandle;+163 java.base@17.0.5
j  java.lang.invoke.MethodHandles$Lookup.getDirectMethodCommon(BLjava/lang/Class;Ljava/lang/invoke/MemberName;ZZLjava/lang/invoke/MethodHandles$Lookup;)Ljava/lang/invoke/MethodHandle;+210 java.base@17.0.5
j  java.lang.invoke.MethodHandles$Lookup.getDirectMethodNoSecurityManager(BLjava/lang/Class;Ljava/lang/invoke/MemberName;Ljava/lang/invoke/MethodHandles$Lookup;)Ljava/lang/invoke/MethodHandle;+14 java.base@17.0.5
j  java.lang.invoke.MethodHandles$Lookup.getDirectMethodForConstant(BLjava/lang/Class;Ljava/lang/invoke/MemberName;)Ljava/lang/invoke/MethodHandle;+31 java.base@17.0.5
j  java.lang.invoke.MethodHandles$Lookup.linkMethodHandleConstant(BLjava/lang/Class;Ljava/lang/String;Ljava/lang/Object;)Ljava/lang/invoke/MethodHandle;+153 java.base@17.0.5
j  java.lang.invoke.MethodHandleNatives.linkMethodHandleConstant(Ljava/lang/Class;ILjava/lang/Class;Ljava/lang/String;Ljava/lang/Object;)Ljava/lang/invoke/MethodHandle;+38 java.base@17.0.5
v  ~StubRoutines::call_stub
j  git4idea.http.GitAskPassXmlRpcHandler.<clinit>()V+11
v  ~StubRoutines::call_stub
j  git4idea.http.GitAskPassApp.main([Ljava/lang/String;)V+28
v  ~StubRoutines::call_stub

---------------  P R O C E S S  ---------------

Threads class SMR info:
_java_thread_list=0x0000019a4fc2d020, length=13, elements={
0x0000019a302b4ab0, 0x0000019a4fa28630, 0x0000019a4fa2a3c0, 0x0000019a4d0ea550,
0x0000019a4d0eae10, 0x0000019a4d0eb6d0, 0x0000019a4d0ebf90, 0x0000019a4fa6fd60,
0x0000019a4fa72670, 0x0000019a4fa72f70, 0x0000019a4fbf0da0, 0x0000019a4fbf76b0,
0x0000019a4fc338c0
}

Java Threads: ( => current thread )
=>0x0000019a302b4ab0 JavaThread "main" [_thread_in_vm, id=9596, stack(0x0000002e2b000000,0x0000002e2b100000)]
  0x0000019a4fa28630 JavaThread "Reference Handler" daemon [_thread_blocked, id=18804, stack(0x0000002e2b700000,0x0000002e2b800000)]
  0x0000019a4fa2a3c0 JavaThread "Finalizer" daemon [_thread_blocked, id=1952, stack(0x0000002e2b800000,0x0000002e2b900000)]
  0x0000019a4d0ea550 JavaThread "Signal Dispatcher" daemon [_thread_blocked, id=3152, stack(0x0000002e2b900000,0x0000002e2ba00000)]
  0x0000019a4d0eae10 JavaThread "Attach Listener" daemon [_thread_blocked, id=14420, stack(0x0000002e2ba00000,0x0000002e2bb00000)]
  0x0000019a4d0eb6d0 JavaThread "Service Thread" daemon [_thread_blocked, id=1604, stack(0x0000002e2bb00000,0x0000002e2bc00000)]
  0x0000019a4d0ebf90 JavaThread "Monitor Deflation Thread" daemon [_thread_blocked, id=2616, stack(0x0000002e2bc00000,0x0000002e2bd00000)]
  0x0000019a4fa6fd60 JavaThread "C2 CompilerThread0" daemon [_thread_blocked, id=18016, stack(0x0000002e2bd00000,0x0000002e2be00000)]
  0x0000019a4fa72670 JavaThread "C1 CompilerThread0" daemon [_thread_blocked, id=3716, stack(0x0000002e2be00000,0x0000002e2bf00000)]
  0x0000019a4fa72f70 JavaThread "Sweeper thread" daemon [_thread_blocked, id=15760, stack(0x0000002e2bf00000,0x0000002e2c000000)]
  0x0000019a4fbf0da0 JavaThread "Notification Thread" daemon [_thread_blocked, id=18228, stack(0x0000002e2c000000,0x0000002e2c100000)]
  0x0000019a4fbf76b0 JavaThread "Common-Cleaner" daemon [_thread_blocked, id=7944, stack(0x0000002e2c200000,0x0000002e2c300000)]
  0x0000019a4fc338c0 JavaThread "C2 CompilerThread1" daemon [_thread_blocked, id=9188, stack(0x0000002e2c300000,0x0000002e2c400000)]

Other Threads:
  0x0000019a4fa11280 VMThread "VM Thread" [stack: 0x0000002e2b600000,0x0000002e2b700000] [id=7072]
  0x0000019a4cefaa00 WatcherThread [stack: 0x0000002e2c100000,0x0000002e2c200000] [id=7936]
  0x0000019a3031eba0 GCTaskThread "GC Thread#0" [stack: 0x0000002e2b100000,0x0000002e2b200000] [id=2672]
  0x0000019a4cef4040 ConcurrentGCThread "G1 Main Marker" [stack: 0x0000002e2b200000,0x0000002e2b300000] [id=2748]
  0x0000019a4cef4960 ConcurrentGCThread "G1 Conc#0" [stack: 0x0000002e2b300000,0x0000002e2b400000] [id=2408]
  0x0000019a4cfc9840 ConcurrentGCThread "G1 Refine#0" [stack: 0x0000002e2b400000,0x0000002e2b500000] [id=4464]
  0x0000019a4cfcb180 ConcurrentGCThread "G1 Service" [stack: 0x0000002e2b500000,0x0000002e2b600000] [id=9976]

Threads with active compile tasks:

VM state: not at safepoint (normal execution)

VM Mutex/Monitor currently owned by a thread:  ([mutex/lock_event])
[0x0000019a2e8fba00] Metaspace_lock - owner thread: 0x0000019a302b4ab0

Heap address: 0x0000000701200000, size: 4078 MB, Compressed Oops mode: Zero based, Oop shift amount: 3

CDS archive(s) not mapped
Compressed class space mapped at: 0x0000000800000000-0x0000000840000000, reserved size: 1073741824
Narrow klass base: 0x0000000800000000, Narrow klass shift: 0, Narrow klass range: 0x40000000

GC Precious Log:
 CPUs: 8 total, 8 available
 Memory: 16304M
 Large Page Support: Disabled
 NUMA Support: Disabled
 Compressed Oops: Enabled (Zero based)
 Heap Region Size: 2M
 Heap Min Capacity: 8M
 Heap Initial Capacity: 256M
 Heap Max Capacity: 4078M
 Pre-touch: Disabled
 Parallel Workers: 8
 Concurrent Workers: 2
 Concurrent Refinement Workers: 8
 Periodic GC: Disabled

Heap:
 garbage-first heap   total 262144K, used 14336K [0x0000000701200000, 0x0000000800000000)
  region size 2048K, 1 young (2048K), 0 survivors (0K)
 Metaspace       used 5116K, committed 5248K, reserved 1056768K
  class space    used 435K, committed 512K, reserved 1048576K

Heap Regions: E=young(eden), S=young(survivor), O=old, HS=humongous(starts), HC=humongous(continues), CS=collection set, F=free, OA=open archive, CA=closed archive, TAMS=top-at-mark-start (previous, next)
|   0|0x0000000701200000, 0x0000000701400000, 0x0000000701400000|100%|HS|  |TAMS 0x0000000701200000, 0x0000000701200000| Complete 
|   1|0x0000000701400000, 0x0000000701600000, 0x0000000701600000|100%|HC|  |TAMS 0x0000000701400000, 0x0000000701400000| Complete 
|   2|0x0000000701600000, 0x0000000701800000, 0x0000000701800000|100%|HC|  |TAMS 0x0000000701600000, 0x0000000701600000| Complete 
|   3|0x0000000701800000, 0x0000000701a00000, 0x0000000701a00000|100%|HC|  |TAMS 0x0000000701800000, 0x0000000701800000| Complete 
|   4|0x0000000701a00000, 0x0000000701c00000, 0x0000000701c00000|100%|HC|  |TAMS 0x0000000701a00000, 0x0000000701a00000| Complete 
|   5|0x0000000701c00000, 0x0000000701e00000, 0x0000000701e00000|100%|HC|  |TAMS 0x0000000701c00000, 0x0000000701c00000| Complete 
|   6|0x0000000701e00000, 0x0000000702000000, 0x0000000702000000|100%|HS|  |TAMS 0x0000000701e00000, 0x0000000701e00000| Complete 
|   7|0x0000000702000000, 0x0000000702000000, 0x0000000702200000|  0%| F|  |TAMS 0x0000000702000000, 0x0000000702000000| Untracked 
|   8|0x0000000702200000, 0x0000000702200000, 0x0000000702400000|  0%| F|  |TAMS 0x0000000702200000, 0x0000000702200000| Untracked 
|   9|0x0000000702400000, 0x0000000702400000, 0x0000000702600000|  0%| F|  |TAMS 0x0000000702400000, 0x0000000702400000| Untracked 
|  10|0x0000000702600000, 0x0000000702600000, 0x0000000702800000|  0%| F|  |TAMS 0x0000000702600000, 0x0000000702600000| Untracked 
|  11|0x0000000702800000, 0x0000000702800000, 0x0000000702a00000|  0%| F|  |TAMS 0x0000000702800000, 0x0000000702800000| Untracked 
|  12|0x0000000702a00000, 0x0000000702a00000, 0x0000000702c00000|  0%| F|  |TAMS 0x0000000702a00000, 0x0000000702a00000| Untracked 
|  13|0x0000000702c00000, 0x0000000702c00000, 0x0000000702e00000|  0%| F|  |TAMS 0x0000000702c00000, 0x0000000702c00000| Untracked 
|  14|0x0000000702e00000, 0x0000000702e00000, 0x0000000703000000|  0%| F|  |TAMS 0x0000000702e00000, 0x0000000702e00000| Untracked 
|  15|0x0000000703000000, 0x0000000703000000, 0x0000000703200000|  0%| F|  |TAMS 0x0000000703000000, 0x0000000703000000| Untracked 
|  16|0x0000000703200000, 0x0000000703200000, 0x0000000703400000|  0%| F|  |TAMS 0x0000000703200000, 0x0000000703200000| Untracked 
|  17|0x0000000703400000, 0x0000000703400000, 0x0000000703600000|  0%| F|  |TAMS 0x0000000703400000, 0x0000000703400000| Untracked 
|  18|0x0000000703600000, 0x0000000703600000, 0x0000000703800000|  0%| F|  |TAMS 0x0000000703600000, 0x0000000703600000| Untracked 
|  19|0x0000000703800000, 0x0000000703800000, 0x0000000703a00000|  0%| F|  |TAMS 0x0000000703800000, 0x0000000703800000| Untracked 
|  20|0x0000000703a00000, 0x0000000703a00000, 0x0000000703c00000|  0%| F|  |TAMS 0x0000000703a00000, 0x0000000703a00000| Untracked 
|  21|0x0000000703c00000, 0x0000000703c00000, 0x0000000703e00000|  0%| F|  |TAMS 0x0000000703c00000, 0x0000000703c00000| Untracked 
|  22|0x0000000703e00000, 0x0000000703e00000, 0x0000000704000000|  0%| F|  |TAMS 0x0000000703e00000, 0x0000000703e00000| Untracked 
|  23|0x0000000704000000, 0x0000000704000000, 0x0000000704200000|  0%| F|  |TAMS 0x0000000704000000, 0x0000000704000000| Untracked 
|  24|0x0000000704200000, 0x0000000704200000, 0x0000000704400000|  0%| F|  |TAMS 0x0000000704200000, 0x0000000704200000| Untracked 
|  25|0x0000000704400000, 0x0000000704400000, 0x0000000704600000|  0%| F|  |TAMS 0x0000000704400000, 0x0000000704400000| Untracked 
|  26|0x0000000704600000, 0x0000000704600000, 0x0000000704800000|  0%| F|  |TAMS 0x0000000704600000, 0x0000000704600000| Untracked 
|  27|0x0000000704800000, 0x0000000704800000, 0x0000000704a00000|  0%| F|  |TAMS 0x0000000704800000, 0x0000000704800000| Untracked 
|  28|0x0000000704a00000, 0x0000000704a00000, 0x0000000704c00000|  0%| F|  |TAMS 0x0000000704a00000, 0x0000000704a00000| Untracked 
|  29|0x0000000704c00000, 0x0000000704c00000, 0x0000000704e00000|  0%| F|  |TAMS 0x0000000704c00000, 0x0000000704c00000| Untracked 
|  30|0x0000000704e00000, 0x0000000704e00000, 0x0000000705000000|  0%| F|  |TAMS 0x0000000704e00000, 0x0000000704e00000| Untracked 
|  31|0x0000000705000000, 0x0000000705000000, 0x0000000705200000|  0%| F|  |TAMS 0x0000000705000000, 0x0000000705000000| Untracked 
|  32|0x0000000705200000, 0x0000000705200000, 0x0000000705400000|  0%| F|  |TAMS 0x0000000705200000, 0x0000000705200000| Untracked 
|  33|0x0000000705400000, 0x0000000705400000, 0x0000000705600000|  0%| F|  |TAMS 0x0000000705400000, 0x0000000705400000| Untracked 
|  34|0x0000000705600000, 0x0000000705600000, 0x0000000705800000|  0%| F|  |TAMS 0x0000000705600000, 0x0000000705600000| Untracked 
|  35|0x0000000705800000, 0x0000000705800000, 0x0000000705a00000|  0%| F|  |TAMS 0x0000000705800000, 0x0000000705800000| Untracked 
|  36|0x0000000705a00000, 0x0000000705a00000, 0x0000000705c00000|  0%| F|  |TAMS 0x0000000705a00000, 0x0000000705a00000| Untracked 
|  37|0x0000000705c00000, 0x0000000705c00000, 0x0000000705e00000|  0%| F|  |TAMS 0x0000000705c00000, 0x0000000705c00000| Untracked 
|  38|0x0000000705e00000, 0x0000000705e00000, 0x0000000706000000|  0%| F|  |TAMS 0x0000000705e00000, 0x0000000705e00000| Untracked 
|  39|0x0000000706000000, 0x0000000706000000, 0x0000000706200000|  0%| F|  |TAMS 0x0000000706000000, 0x0000000706000000| Untracked 
|  40|0x0000000706200000, 0x0000000706200000, 0x0000000706400000|  0%| F|  |TAMS 0x0000000706200000, 0x0000000706200000| Untracked 
|  41|0x0000000706400000, 0x0000000706400000, 0x0000000706600000|  0%| F|  |TAMS 0x0000000706400000, 0x0000000706400000| Untracked 
|  42|0x0000000706600000, 0x0000000706600000, 0x0000000706800000|  0%| F|  |TAMS 0x0000000706600000, 0x0000000706600000| Untracked 
|  43|0x0000000706800000, 0x0000000706800000, 0x0000000706a00000|  0%| F|  |TAMS 0x0000000706800000, 0x0000000706800000| Untracked 
|  44|0x0000000706a00000, 0x0000000706a00000, 0x0000000706c00000|  0%| F|  |TAMS 0x0000000706a00000, 0x0000000706a00000| Untracked 
|  45|0x0000000706c00000, 0x0000000706c00000, 0x0000000706e00000|  0%| F|  |TAMS 0x0000000706c00000, 0x0000000706c00000| Untracked 
|  46|0x0000000706e00000, 0x0000000706e00000, 0x0000000707000000|  0%| F|  |TAMS 0x0000000706e00000, 0x0000000706e00000| Untracked 
|  47|0x0000000707000000, 0x0000000707000000, 0x0000000707200000|  0%| F|  |TAMS 0x0000000707000000, 0x0000000707000000| Untracked 
|  48|0x0000000707200000, 0x0000000707200000, 0x0000000707400000|  0%| F|  |TAMS 0x0000000707200000, 0x0000000707200000| Untracked 
|  49|0x0000000707400000, 0x0000000707400000, 0x0000000707600000|  0%| F|  |TAMS 0x0000000707400000, 0x0000000707400000| Untracked 
|  50|0x0000000707600000, 0x0000000707600000, 0x0000000707800000|  0%| F|  |TAMS 0x0000000707600000, 0x0000000707600000| Untracked 
|  51|0x0000000707800000, 0x0000000707800000, 0x0000000707a00000|  0%| F|  |TAMS 0x0000000707800000, 0x0000000707800000| Untracked 
|  52|0x0000000707a00000, 0x0000000707a00000, 0x0000000707c00000|  0%| F|  |TAMS 0x0000000707a00000, 0x0000000707a00000| Untracked 
|  53|0x0000000707c00000, 0x0000000707c00000, 0x0000000707e00000|  0%| F|  |TAMS 0x0000000707c00000, 0x0000000707c00000| Untracked 
|  54|0x0000000707e00000, 0x0000000707e00000, 0x0000000708000000|  0%| F|  |TAMS 0x0000000707e00000, 0x0000000707e00000| Untracked 
|  55|0x0000000708000000, 0x0000000708000000, 0x0000000708200000|  0%| F|  |TAMS 0x0000000708000000, 0x0000000708000000| Untracked 
|  56|0x0000000708200000, 0x0000000708200000, 0x0000000708400000|  0%| F|  |TAMS 0x0000000708200000, 0x0000000708200000| Untracked 
|  57|0x0000000708400000, 0x0000000708400000, 0x0000000708600000|  0%| F|  |TAMS 0x0000000708400000, 0x0000000708400000| Untracked 
|  58|0x0000000708600000, 0x0000000708600000, 0x0000000708800000|  0%| F|  |TAMS 0x0000000708600000, 0x0000000708600000| Untracked 
|  59|0x0000000708800000, 0x0000000708800000, 0x0000000708a00000|  0%| F|  |TAMS 0x0000000708800000, 0x0000000708800000| Untracked 
|  60|0x0000000708a00000, 0x0000000708a00000, 0x0000000708c00000|  0%| F|  |TAMS 0x0000000708a00000, 0x0000000708a00000| Untracked 
|  61|0x0000000708c00000, 0x0000000708c00000, 0x0000000708e00000|  0%| F|  |TAMS 0x0000000708c00000, 0x0000000708c00000| Untracked 
|  62|0x0000000708e00000, 0x0000000708e00000, 0x0000000709000000|  0%| F|  |TAMS 0x0000000708e00000, 0x0000000708e00000| Untracked 
|  63|0x0000000709000000, 0x0000000709000000, 0x0000000709200000|  0%| F|  |TAMS 0x0000000709000000, 0x0000000709000000| Untracked 
|  64|0x0000000709200000, 0x0000000709200000, 0x0000000709400000|  0%| F|  |TAMS 0x0000000709200000, 0x0000000709200000| Untracked 
|  65|0x0000000709400000, 0x0000000709400000, 0x0000000709600000|  0%| F|  |TAMS 0x0000000709400000, 0x0000000709400000| Untracked 
|  66|0x0000000709600000, 0x0000000709600000, 0x0000000709800000|  0%| F|  |TAMS 0x0000000709600000, 0x0000000709600000| Untracked 
|  67|0x0000000709800000, 0x0000000709800000, 0x0000000709a00000|  0%| F|  |TAMS 0x0000000709800000, 0x0000000709800000| Untracked 
|  68|0x0000000709a00000, 0x0000000709a00000, 0x0000000709c00000|  0%| F|  |TAMS 0x0000000709a00000, 0x0000000709a00000| Untracked 
|  69|0x0000000709c00000, 0x0000000709c00000, 0x0000000709e00000|  0%| F|  |TAMS 0x0000000709c00000, 0x0000000709c00000| Untracked 
|  70|0x0000000709e00000, 0x0000000709e00000, 0x000000070a000000|  0%| F|  |TAMS 0x0000000709e00000, 0x0000000709e00000| Untracked 
|  71|0x000000070a000000, 0x000000070a000000, 0x000000070a200000|  0%| F|  |TAMS 0x000000070a000000, 0x000000070a000000| Untracked 
|  72|0x000000070a200000, 0x000000070a200000, 0x000000070a400000|  0%| F|  |TAMS 0x000000070a200000, 0x000000070a200000| Untracked 
|  73|0x000000070a400000, 0x000000070a400000, 0x000000070a600000|  0%| F|  |TAMS 0x000000070a400000, 0x000000070a400000| Untracked 
|  74|0x000000070a600000, 0x000000070a600000, 0x000000070a800000|  0%| F|  |TAMS 0x000000070a600000, 0x000000070a600000| Untracked 
|  75|0x000000070a800000, 0x000000070a800000, 0x000000070aa00000|  0%| F|  |TAMS 0x000000070a800000, 0x000000070a800000| Untracked 
|  76|0x000000070aa00000, 0x000000070aa00000, 0x000000070ac00000|  0%| F|  |TAMS 0x000000070aa00000, 0x000000070aa00000| Untracked 
|  77|0x000000070ac00000, 0x000000070ac00000, 0x000000070ae00000|  0%| F|  |TAMS 0x000000070ac00000, 0x000000070ac00000| Untracked 
|  78|0x000000070ae00000, 0x000000070ae00000, 0x000000070b000000|  0%| F|  |TAMS 0x000000070ae00000, 0x000000070ae00000| Untracked 
|  79|0x000000070b000000, 0x000000070b000000, 0x000000070b200000|  0%| F|  |TAMS 0x000000070b000000, 0x000000070b000000| Untracked 
|  80|0x000000070b200000, 0x000000070b200000, 0x000000070b400000|  0%| F|  |TAMS 0x000000070b200000, 0x000000070b200000| Untracked 
|  81|0x000000070b400000, 0x000000070b400000, 0x000000070b600000|  0%| F|  |TAMS 0x000000070b400000, 0x000000070b400000| Untracked 
|  82|0x000000070b600000, 0x000000070b600000, 0x000000070b800000|  0%| F|  |TAMS 0x000000070b600000, 0x000000070b600000| Untracked 
|  83|0x000000070b800000, 0x000000070b800000, 0x000000070ba00000|  0%| F|  |TAMS 0x000000070b800000, 0x000000070b800000| Untracked 
|  84|0x000000070ba00000, 0x000000070ba00000, 0x000000070bc00000|  0%| F|  |TAMS 0x000000070ba00000, 0x000000070ba00000| Untracked 
|  85|0x000000070bc00000, 0x000000070bc00000, 0x000000070be00000|  0%| F|  |TAMS 0x000000070bc00000, 0x000000070bc00000| Untracked 
|  86|0x000000070be00000, 0x000000070be00000, 0x000000070c000000|  0%| F|  |TAMS 0x000000070be00000, 0x000000070be00000| Untracked 
|  87|0x000000070c000000, 0x000000070c000000, 0x000000070c200000|  0%| F|  |TAMS 0x000000070c000000, 0x000000070c000000| Untracked 
|  88|0x000000070c200000, 0x000000070c200000, 0x000000070c400000|  0%| F|  |TAMS 0x000000070c200000, 0x000000070c200000| Untracked 
|  89|0x000000070c400000, 0x000000070c400000, 0x000000070c600000|  0%| F|  |TAMS 0x000000070c400000, 0x000000070c400000| Untracked 
|  90|0x000000070c600000, 0x000000070c600000, 0x000000070c800000|  0%| F|  |TAMS 0x000000070c600000, 0x000000070c600000| Untracked 
|  91|0x000000070c800000, 0x000000070c800000, 0x000000070ca00000|  0%| F|  |TAMS 0x000000070c800000, 0x000000070c800000| Untracked 
|  92|0x000000070ca00000, 0x000000070ca00000, 0x000000070cc00000|  0%| F|  |TAMS 0x000000070ca00000, 0x000000070ca00000| Untracked 
|  93|0x000000070cc00000, 0x000000070cc00000, 0x000000070ce00000|  0%| F|  |TAMS 0x000000070cc00000, 0x000000070cc00000| Untracked 
|  94|0x000000070ce00000, 0x000000070ce00000, 0x000000070d000000|  0%| F|  |TAMS 0x000000070ce00000, 0x000000070ce00000| Untracked 
|  95|0x000000070d000000, 0x000000070d000000, 0x000000070d200000|  0%| F|  |TAMS 0x000000070d000000, 0x000000070d000000| Untracked 
|  96|0x000000070d200000, 0x000000070d200000, 0x000000070d400000|  0%| F|  |TAMS 0x000000070d200000, 0x000000070d200000| Untracked 
|  97|0x000000070d400000, 0x000000070d400000, 0x000000070d600000|  0%| F|  |TAMS 0x000000070d400000, 0x000000070d400000| Untracked 
|  98|0x000000070d600000, 0x000000070d600000, 0x000000070d800000|  0%| F|  |TAMS 0x000000070d600000, 0x000000070d600000| Untracked 
|  99|0x000000070d800000, 0x000000070d800000, 0x000000070da00000|  0%| F|  |TAMS 0x000000070d800000, 0x000000070d800000| Untracked 
| 100|0x000000070da00000, 0x000000070da00000, 0x000000070dc00000|  0%| F|  |TAMS 0x000000070da00000, 0x000000070da00000| Untracked 
| 101|0x000000070dc00000, 0x000000070dc00000, 0x000000070de00000|  0%| F|  |TAMS 0x000000070dc00000, 0x000000070dc00000| Untracked 
| 102|0x000000070de00000, 0x000000070de00000, 0x000000070e000000|  0%| F|  |TAMS 0x000000070de00000, 0x000000070de00000| Untracked 
| 103|0x000000070e000000, 0x000000070e000000, 0x000000070e200000|  0%| F|  |TAMS 0x000000070e000000, 0x000000070e000000| Untracked 
| 104|0x000000070e200000, 0x000000070e200000, 0x000000070e400000|  0%| F|  |TAMS 0x000000070e200000, 0x000000070e200000| Untracked 
| 105|0x000000070e400000, 0x000000070e400000, 0x000000070e600000|  0%| F|  |TAMS 0x000000070e400000, 0x000000070e400000| Untracked 
| 106|0x000000070e600000, 0x000000070e600000, 0x000000070e800000|  0%| F|  |TAMS 0x000000070e600000, 0x000000070e600000| Untracked 
| 107|0x000000070e800000, 0x000000070e800000, 0x000000070ea00000|  0%| F|  |TAMS 0x000000070e800000, 0x000000070e800000| Untracked 
| 108|0x000000070ea00000, 0x000000070ea00000, 0x000000070ec00000|  0%| F|  |TAMS 0x000000070ea00000, 0x000000070ea00000| Untracked 
| 109|0x000000070ec00000, 0x000000070ec00000, 0x000000070ee00000|  0%| F|  |TAMS 0x000000070ec00000, 0x000000070ec00000| Untracked 
| 110|0x000000070ee00000, 0x000000070ee00000, 0x000000070f000000|  0%| F|  |TAMS 0x000000070ee00000, 0x000000070ee00000| Untracked 
| 111|0x000000070f000000, 0x000000070f000000, 0x000000070f200000|  0%| F|  |TAMS 0x000000070f000000, 0x000000070f000000| Untracked 
| 112|0x000000070f200000, 0x000000070f200000, 0x000000070f400000|  0%| F|  |TAMS 0x000000070f200000, 0x000000070f200000| Untracked 
| 113|0x000000070f400000, 0x000000070f400000, 0x000000070f600000|  0%| F|  |TAMS 0x000000070f400000, 0x000000070f400000| Untracked 
| 114|0x000000070f600000, 0x000000070f600000, 0x000000070f800000|  0%| F|  |TAMS 0x000000070f600000, 0x000000070f600000| Untracked 
| 115|0x000000070f800000, 0x000000070f800000, 0x000000070fa00000|  0%| F|  |TAMS 0x000000070f800000, 0x000000070f800000| Untracked 
| 116|0x000000070fa00000, 0x000000070fa00000, 0x000000070fc00000|  0%| F|  |TAMS 0x000000070fa00000, 0x000000070fa00000| Untracked 
| 117|0x000000070fc00000, 0x000000070fc00000, 0x000000070fe00000|  0%| F|  |TAMS 0x000000070fc00000, 0x000000070fc00000| Untracked 
| 118|0x000000070fe00000, 0x000000070fe00000, 0x0000000710000000|  0%| F|  |TAMS 0x000000070fe00000, 0x000000070fe00000| Untracked 
| 119|0x0000000710000000, 0x0000000710000000, 0x0000000710200000|  0%| F|  |TAMS 0x0000000710000000, 0x0000000710000000| Untracked 
| 120|0x0000000710200000, 0x0000000710200000, 0x0000000710400000|  0%| F|  |TAMS 0x0000000710200000, 0x0000000710200000| Untracked 
| 121|0x0000000710400000, 0x0000000710400000, 0x0000000710600000|  0%| F|  |TAMS 0x0000000710400000, 0x0000000710400000| Untracked 
| 122|0x0000000710600000, 0x0000000710600000, 0x0000000710800000|  0%| F|  |TAMS 0x0000000710600000, 0x0000000710600000| Untracked 
| 123|0x0000000710800000, 0x0000000710800000, 0x0000000710a00000|  0%| F|  |TAMS 0x0000000710800000, 0x0000000710800000| Untracked 
| 124|0x0000000710a00000, 0x0000000710a00000, 0x0000000710c00000|  0%| F|  |TAMS 0x0000000710a00000, 0x0000000710a00000| Untracked 
| 125|0x0000000710c00000, 0x0000000710c00000, 0x0000000710e00000|  0%| F|  |TAMS 0x0000000710c00000, 0x0000000710c00000| Untracked 
| 126|0x0000000710e00000, 0x0000000710e00000, 0x0000000711000000|  0%| F|  |TAMS 0x0000000710e00000, 0x0000000710e00000| Untracked 
| 127|0x0000000711000000, 0x0000000711200000, 0x0000000711200000|100%| E|  |TAMS 0x0000000711000000, 0x0000000711000000| Complete 

Card table byte_map: [0x0000019a43f70000,0x0000019a44770000] _byte_map_base: 0x0000019a40767000

Marking Bits (Prev, Next): (CMBitMap*) 0x0000019a303200d0, (CMBitMap*) 0x0000019a30320110
 Prev Bits: [0x0000019a44f70000, 0x0000019a48f28000)
 Next Bits: [0x0000019a48f30000, 0x0000019a4cee8000)

Polling page: 0x0000019a2e950000

Metaspace:

Usage:
  Non-class:      4.57 MB used.
      Class:    435.27 KB used.
       Both:      5.00 MB used.

Virtual space:
  Non-class space:        8.00 MB reserved,       4.63 MB ( 58%) committed,  1 nodes.
      Class space:        1.00 GB reserved,     512.00 KB ( <1%) committed,  1 nodes.
             Both:        1.01 GB reserved,       5.13 MB ( <1%) committed. 

Chunk freelists:
   Non-Class:  2.99 MB
       Class:  3.55 MB
        Both:  6.54 MB

MaxMetaspaceSize: unlimited
CompressedClassSpaceSize: 1.00 GB
Initial GC threshold: 21.00 MB
Current GC threshold: 21.00 MB
CDS: off
MetaspaceReclaimPolicy: balanced
 - commit_granule_bytes: 65536.
 - commit_granule_words: 8192.
 - virtual_space_node_default_size: 1048576.
 - enlarge_chunks_in_place: 1.
 - new_chunks_are_fully_committed: 0.
 - uncommit_free_chunks: 1.
 - use_allocation_guard: 0.
 - handle_deallocations: 1.


Internal statistics:

num_allocs_failed_limit: 0.
num_arena_births: 4.
num_arena_deaths: 0.
num_vsnodes_births: 2.
num_vsnodes_deaths: 0.
num_space_committed: 82.
num_space_uncommitted: 0.
num_chunks_returned_to_freelist: 0.
num_chunks_taken_from_freelist: 11.
num_chunk_merges: 0.
num_chunk_splits: 4.
num_chunks_enlarged: 1.
num_purges: 0.
num_inconsistent_stats: 0.

CodeHeap 'non-profiled nmethods': size=120000Kb used=35Kb max_used=35Kb free=119964Kb
 bounds [0x0000019a3b7e0000, 0x0000019a3ba50000, 0x0000019a42d10000]
CodeHeap 'profiled nmethods': size=120000Kb used=211Kb max_used=211Kb free=119788Kb
 bounds [0x0000019a342b0000, 0x0000019a34520000, 0x0000019a3b7e0000]
CodeHeap 'non-nmethods': size=5760Kb used=1068Kb max_used=1086Kb free=4691Kb
 bounds [0x0000019a33d10000, 0x0000019a33f80000, 0x0000019a342b0000]
 total_blobs=461 nmethods=126 adapters=248
 compilation: enabled
              stopped_count=0, restarted_count=0
 full_count=0

Compilation events (20 events):
Event: 0.442 Thread 0x0000019a4fa72670 nmethod 115 0x0000019a342e0590 code [0x0000019a342e0820, 0x0000019a342e1118]
Event: 0.442 Thread 0x0000019a4fa72670  122       3       java.util.TreeMap::put (221 bytes)
Event: 0.442 Thread 0x0000019a4fa6fd60 nmethod 123 0x0000019a3b7e6110 code [0x0000019a3b7e6280, 0x0000019a3b7e6318]
Event: 0.443 Thread 0x0000019a4fa72670 nmethod 122 0x0000019a342e1490 code [0x0000019a342e16e0, 0x0000019a342e2328]
Event: 0.443 Thread 0x0000019a4fa72670  117       3       java.lang.CharacterData::of (136 bytes)
Event: 0.443 Thread 0x0000019a4fa72670 nmethod 117 0x0000019a342e2610 code [0x0000019a342e2840, 0x0000019a342e31d8]
Event: 0.443 Thread 0x0000019a4fa72670  118       3       java.lang.CharacterDataLatin1::toUpperCase (53 bytes)
Event: 0.443 Thread 0x0000019a4fa72670 nmethod 118 0x0000019a342e3410 code [0x0000019a342e35c0, 0x0000019a342e3858]
Event: 0.443 Thread 0x0000019a4fa72670  119       3       java.lang.Character::toUpperCase (6 bytes)
Event: 0.443 Thread 0x0000019a4fa72670 nmethod 119 0x0000019a342e3990 code [0x0000019a342e3b40, 0x0000019a342e3d98]
Event: 0.443 Thread 0x0000019a4fa72670  120       3       java.lang.Character::toUpperCase (9 bytes)
Event: 0.444 Thread 0x0000019a4fa72670 nmethod 120 0x0000019a342e3e90 code [0x0000019a342e4040, 0x0000019a342e4238]
Event: 0.444 Thread 0x0000019a4fa72670  121       3       java.util.TreeMap::parentOf (13 bytes)
Event: 0.444 Thread 0x0000019a4fa72670 nmethod 121 0x0000019a342e4310 code [0x0000019a342e44a0, 0x0000019a342e4618]
Event: 0.444 Thread 0x0000019a4fa72670  126       3       java.lang.ProcessEnvironment$NameComparator::compare (13 bytes)
Event: 0.444 Thread 0x0000019a4fa72670 nmethod 126 0x0000019a342e4710 code [0x0000019a342e48c0, 0x0000019a342e4be8]
Event: 0.444 Thread 0x0000019a4fa72670  124       1       java.util.HashMap$Node::getKey (5 bytes)
Event: 0.444 Thread 0x0000019a4fa72670 nmethod 124 0x0000019a3b7e6410 code [0x0000019a3b7e65a0, 0x0000019a3b7e6678]
Event: 0.444 Thread 0x0000019a4fa72670  125       1       java.util.HashMap$Node::getValue (5 bytes)
Event: 0.444 Thread 0x0000019a4fa72670 nmethod 125 0x0000019a3b7e6710 code [0x0000019a3b7e68a0, 0x0000019a3b7e6978]

GC Heap History (0 events):
No events

Dll operation events (1 events):
Event: 0.052 Loaded shared library D:\software\IntelliJ IDEA 2022.3.2\jbr\bin\java.dll

Deoptimization events (20 events):
Event: 0.389 Thread 0x0000019a302b4ab0 DEOPT PACKING pc=0x0000019a342c818c sp=0x0000002e2b0f9fd0
Event: 0.389 Thread 0x0000019a302b4ab0 DEOPT UNPACKING pc=0x0000019a33d62b43 sp=0x0000002e2b0f9460 mode 0
Event: 0.389 Thread 0x0000019a302b4ab0 DEOPT PACKING pc=0x0000019a342c818c sp=0x0000002e2b0f9fd0
Event: 0.389 Thread 0x0000019a302b4ab0 DEOPT UNPACKING pc=0x0000019a33d62b43 sp=0x0000002e2b0f9460 mode 0
Event: 0.390 Thread 0x0000019a302b4ab0 DEOPT PACKING pc=0x0000019a342c818c sp=0x0000002e2b0f9fd0
Event: 0.390 Thread 0x0000019a302b4ab0 DEOPT UNPACKING pc=0x0000019a33d62b43 sp=0x0000002e2b0f9460 mode 0
Event: 0.390 Thread 0x0000019a302b4ab0 DEOPT PACKING pc=0x0000019a342c818c sp=0x0000002e2b0f9fd0
Event: 0.390 Thread 0x0000019a302b4ab0 DEOPT UNPACKING pc=0x0000019a33d62b43 sp=0x0000002e2b0f9460 mode 0
Event: 0.390 Thread 0x0000019a302b4ab0 DEOPT PACKING pc=0x0000019a342c818c sp=0x0000002e2b0f9fd0
Event: 0.390 Thread 0x0000019a302b4ab0 DEOPT UNPACKING pc=0x0000019a33d62b43 sp=0x0000002e2b0f9460 mode 0
Event: 0.390 Thread 0x0000019a302b4ab0 DEOPT PACKING pc=0x0000019a342c818c sp=0x0000002e2b0f9fd0
Event: 0.390 Thread 0x0000019a302b4ab0 DEOPT UNPACKING pc=0x0000019a33d62b43 sp=0x0000002e2b0f9460 mode 0
Event: 0.390 Thread 0x0000019a302b4ab0 DEOPT PACKING pc=0x0000019a342c818c sp=0x0000002e2b0f9fd0
Event: 0.390 Thread 0x0000019a302b4ab0 DEOPT UNPACKING pc=0x0000019a33d62b43 sp=0x0000002e2b0f9460 mode 0
Event: 0.390 Thread 0x0000019a302b4ab0 DEOPT PACKING pc=0x0000019a342c818c sp=0x0000002e2b0f9fd0
Event: 0.390 Thread 0x0000019a302b4ab0 DEOPT UNPACKING pc=0x0000019a33d62b43 sp=0x0000002e2b0f9460 mode 0
Event: 0.397 Thread 0x0000019a302b4ab0 Uncommon trap: trap_request=0xffffff45 fr.pc=0x0000019a3b7e4778 relative=0x0000000000000158
Event: 0.397 Thread 0x0000019a302b4ab0 Uncommon trap: reason=unstable_if action=reinterpret pc=0x0000019a3b7e4778 method=java.util.zip.ZipFile$Source.isMetaName([BII)Z @ 3 c2
Event: 0.397 Thread 0x0000019a302b4ab0 DEOPT PACKING pc=0x0000019a3b7e4778 sp=0x0000002e2b0fa100
Event: 0.397 Thread 0x0000019a302b4ab0 DEOPT UNPACKING pc=0x0000019a33d623a3 sp=0x0000002e2b0fa0a8 mode 2

Classes unloaded (0 events):
No events

Classes redefined (0 events):
No events

Internal exceptions (0 events):
No events

VM Operations (4 events):
Event: 0.438 Executing VM operation: HandshakeAllThreads
Event: 0.439 Executing VM operation: HandshakeAllThreads done
Event: 0.439 Executing VM operation: HandshakeAllThreads
Event: 0.439 Executing VM operation: HandshakeAllThreads done

Events (20 events):
Event: 0.441 loading class java/lang/ProcessEnvironment$CheckedEntrySet$1 done
Event: 0.441 loading class java/lang/ProcessEnvironment$CheckedEntry
Event: 0.441 loading class java/lang/ProcessEnvironment$CheckedEntry done
Event: 0.443 loading class java/lang/invoke/MethodType$ConcurrentWeakInternSet
Event: 0.443 loading class java/lang/invoke/MethodType$ConcurrentWeakInternSet done
Event: 0.443 loading class java/lang/invoke/MethodTypeForm
Event: 0.443 loading class java/lang/invoke/MethodTypeForm done
Event: 0.443 loading class java/lang/invoke/MethodType$ConcurrentWeakInternSet$WeakEntry
Event: 0.444 loading class java/lang/invoke/MethodType$ConcurrentWeakInternSet$WeakEntry done
Event: 0.444 loading class sun/invoke/util/Wrapper
Event: 0.444 loading class sun/invoke/util/Wrapper done
Event: 0.445 loading class sun/invoke/util/Wrapper$Format
Event: 0.445 loading class sun/invoke/util/Wrapper$Format done
Event: 0.445 loading class java/lang/invoke/LambdaForm$NamedFunction
Event: 0.445 loading class java/lang/invoke/LambdaForm$NamedFunction done
Event: 0.445 loading class java/lang/invoke/DirectMethodHandle$Holder
Event: 0.446 loading class java/lang/invoke/DirectMethodHandle$Holder done
Event: 0.446 loading class sun/invoke/util/ValueConversions
Event: 0.446 loading class sun/invoke/util/ValueConversions done
Event: 0.446 loading class java/lang/invoke/MethodHandleImpl


Dynamic libraries:
0x00007ff79f670000 - 0x00007ff79f67a000 	D:\software\IntelliJ IDEA 2022.3.2\jbr\bin\java.exe
0x00007ffadb820000 - 0x00007ffadba10000 	C:\WINDOWS\SYSTEM32\ntdll.dll
0x00007ffadade0000 - 0x00007ffadae92000 	C:\WINDOWS\System32\KERNEL32.DLL
0x00007ffad8c60000 - 0x00007ffad8f05000 	C:\WINDOWS\System32\KERNELBASE.dll
0x00007ffad96e0000 - 0x00007ffad97da000 	C:\WINDOWS\System32\ucrtbase.dll
0x00007ffa39f90000 - 0x00007ffa39fa7000 	D:\software\IntelliJ IDEA 2022.3.2\jbr\bin\jli.dll
0x00007ffada800000 - 0x00007ffada994000 	C:\WINDOWS\System32\USER32.dll
0x00007ffad97e0000 - 0x00007ffad9801000 	C:\WINDOWS\System32\win32u.dll
0x00007ffad0660000 - 0x00007ffad067b000 	D:\software\IntelliJ IDEA 2022.3.2\jbr\bin\VCRUNTIME140.dll
0x00007ffada070000 - 0x00007ffada096000 	C:\WINDOWS\System32\GDI32.dll
0x00007ffad8830000 - 0x00007ffad89c8000 	C:\WINDOWS\System32\gdi32full.dll
0x00007ffad8790000 - 0x00007ffad882e000 	C:\WINDOWS\System32\msvcp_win.dll
0x00007fface5d0000 - 0x00007fface854000 	C:\WINDOWS\WinSxS\amd64_microsoft.windows.common-controls_6595b64144ccf1df_6.0.18362.1556_none_9e7e372fe45e41d5\COMCTL32.dll
0x00007ffadb740000 - 0x00007ffadb7de000 	C:\WINDOWS\System32\msvcrt.dll
0x00007ffadb0f0000 - 0x00007ffadb426000 	C:\WINDOWS\System32\combase.dll
0x00007ffadaf70000 - 0x00007ffadb08f000 	C:\WINDOWS\System32\RPCRT4.dll
0x00007ffad9810000 - 0x00007ffad9891000 	C:\WINDOWS\System32\bcryptPrimitives.dll
0x00007ffad98d0000 - 0x00007ffad98fe000 	C:\WINDOWS\System32\IMM32.DLL
0x0000000055b30000 - 0x0000000055b3d000 	D:\software\360\360Safe\safemon\SafeWrapper.dll
0x00007ffad9fc0000 - 0x00007ffada063000 	C:\WINDOWS\System32\ADVAPI32.dll
0x00007ffadad40000 - 0x00007ffadadd7000 	C:\WINDOWS\System32\sechost.dll
0x00007ffabb880000 - 0x00007ffabb92c000 	D:\software\360\360Safe\safemon\libzdtp64.dll
0x00007ffada0a0000 - 0x00007ffada787000 	C:\WINDOWS\System32\SHELL32.dll
0x00007ffad8f10000 - 0x00007ffad8f5a000 	C:\WINDOWS\System32\cfgmgr32.dll
0x00007ffad9960000 - 0x00007ffad9a08000 	C:\WINDOWS\System32\shcore.dll
0x00007ffad8f60000 - 0x00007ffad96db000 	C:\WINDOWS\System32\windows.storage.dll
0x00007ffad8720000 - 0x00007ffad873e000 	C:\WINDOWS\System32\profapi.dll
0x00007ffad8740000 - 0x00007ffad878a000 	C:\WINDOWS\System32\powrprof.dll
0x00007ffad86d0000 - 0x00007ffad86e0000 	C:\WINDOWS\System32\UMPDC.dll
0x00007ffad9e80000 - 0x00007ffad9ed2000 	C:\WINDOWS\System32\shlwapi.dll
0x00007ffad8700000 - 0x00007ffad8711000 	C:\WINDOWS\System32\kernel.appcore.dll
0x00007ffad8be0000 - 0x00007ffad8bf7000 	C:\WINDOWS\System32\cryptsp.dll
0x00007ffad82b0000 - 0x00007ffad82ba000 	C:\WINDOWS\SYSTEM32\VERSION.dll
0x00007ffad3610000 - 0x00007ffad361c000 	D:\software\IntelliJ IDEA 2022.3.2\jbr\bin\vcruntime140_1.dll
0x00007ffac0b70000 - 0x00007ffac0bfd000 	D:\software\IntelliJ IDEA 2022.3.2\jbr\bin\msvcp140.dll
0x00007ffa39fd0000 - 0x00007ffa3ac3b000 	D:\software\IntelliJ IDEA 2022.3.2\jbr\bin\server\jvm.dll
0x00007ffac1520000 - 0x00007ffac1529000 	C:\WINDOWS\SYSTEM32\WSOCK32.dll
0x00007ffadacd0000 - 0x00007ffadad3f000 	C:\WINDOWS\System32\WS2_32.dll
0x00007ffad6670000 - 0x00007ffad6694000 	C:\WINDOWS\SYSTEM32\WINMM.dll
0x00007ffad61a0000 - 0x00007ffad61cd000 	C:\WINDOWS\SYSTEM32\WINMMBASE.dll
0x00007ffa39fc0000 - 0x00007ffa39fca000 	D:\software\IntelliJ IDEA 2022.3.2\jbr\bin\jimage.dll
0x00007ffacbac0000 - 0x00007ffacbcb4000 	C:\WINDOWS\SYSTEM32\DBGHELP.DLL
0x00007ffac0e40000 - 0x00007ffac0e6a000 	C:\WINDOWS\SYSTEM32\dbgcore.DLL
0x00007ffa39f60000 - 0x00007ffa39f85000 	D:\software\IntelliJ IDEA 2022.3.2\jbr\bin\java.dll
0x00007ffa39f40000 - 0x00007ffa39f58000 	D:\software\IntelliJ IDEA 2022.3.2\jbr\bin\zip.dll
0x00007ffa39ef0000 - 0x00007ffa39f09000 	D:\software\IntelliJ IDEA 2022.3.2\jbr\bin\net.dll
0x00007ffad1fd0000 - 0x00007ffad20ca000 	C:\WINDOWS\SYSTEM32\WINHTTP.dll
0x00007ffad7ea0000 - 0x00007ffad7f07000 	C:\WINDOWS\system32\mswsock.dll
0x00007ffa39ed0000 - 0x00007ffa39ee6000 	D:\software\IntelliJ IDEA 2022.3.2\jbr\bin\nio.dll

dbghelp: loaded successfully - version: 4.0.5 - missing functions: none
symbol engine: initialized successfully - sym options: 0x614 - pdb path: .;D:\software\IntelliJ IDEA 2022.3.2\jbr\bin;C:\WINDOWS\SYSTEM32;C:\WINDOWS\WinSxS\amd64_microsoft.windows.common-controls_6595b64144ccf1df_6.0.18362.1556_none_9e7e372fe45e41d5;D:\software\360\360Safe\safemon;D:\software\IntelliJ IDEA 2022.3.2\jbr\bin\server

VM Arguments:
java_command: git4idea.http.GitAskPassApp Username for 'https://github.com': 
java_class_path (initial): D:/software/IntelliJ IDEA 2022.3.2/plugins/vcs-git/lib/git4idea-rt.jar;D:/software/IntelliJ IDEA 2022.3.2/lib/externalProcess-rt.jar;D:/software/IntelliJ IDEA 2022.3.2/lib/app.jar;D:/software/IntelliJ IDEA 2022.3.2/lib/3rd-party-rt.jar
Launcher Type: SUN_STANDARD

[Global flags]
     intx CICompilerCount                          = 4                                         {product} {ergonomic}
     uint ConcGCThreads                            = 2                                         {product} {ergonomic}
     uint G1ConcRefinementThreads                  = 8                                         {product} {ergonomic}
   size_t G1HeapRegionSize                         = 2097152                                   {product} {ergonomic}
    uintx GCDrainStackTargetSize                   = 64                                        {product} {ergonomic}
   size_t InitialHeapSize                          = 268435456                                 {product} {ergonomic}
   size_t MarkStackSize                            = 4194304                                   {product} {ergonomic}
   size_t MaxHeapSize                              = 4276092928                                {product} {ergonomic}
   size_t MaxNewSize                               = 2564816896                                {product} {ergonomic}
   size_t MinHeapDeltaBytes                        = 2097152                                   {product} {ergonomic}
   size_t MinHeapSize                              = 8388608                                   {product} {ergonomic}
    uintx NonNMethodCodeHeapSize                   = 5839372                                {pd product} {ergonomic}
    uintx NonProfiledCodeHeapSize                  = 122909434                              {pd product} {ergonomic}
    uintx ProfiledCodeHeapSize                     = 122909434                              {pd product} {ergonomic}
    uintx ReservedCodeCacheSize                    = 251658240                              {pd product} {ergonomic}
     bool SegmentedCodeCache                       = true                                      {product} {ergonomic}
   size_t SoftMaxHeapSize                          = 4276092928                             {manageable} {ergonomic}
     bool UseCompressedClassPointers               = true                           {product lp64_product} {ergonomic}
     bool UseCompressedOops                        = true                           {product lp64_product} {ergonomic}
     bool UseG1GC                                  = true                                      {product} {ergonomic}
     bool UseLargePagesIndividualAllocation        = false                                  {pd product} {ergonomic}

Logging:
Log output configuration:
 #0: stdout all=warning uptime,level,tags
 #1: stderr all=off uptime,level,tags

Environment Variables:
JAVA_HOME=D:\software\jdk16\
CLASSPATH= .;D:\software\jdk16\\lib;D:\software\jdk16\\lib\tools.jar;D:\software\jdk16\\lib\dt.jar; 
PATH=D:\software\Git\mingw64\libexec\git-core;D:\software\Git\mingw64\libexec\git-core;D:\software\Git\mingw64\bin;D:\software\Git\usr\bin;C:\Users\ice\bin;C:\Python312\Scripts;C:\Python312;C:\Program Files\Common Files\Oracle\Java\javapath;C:\ProgramData\Oracle\Java\javapath;C:\WINDOWS\system32;C:\WINDOWS;C:\WINDOWS\System32\Wbem;C:\WINDOWS\System32\WindowsPowerShell\v1.0;C:\WINDOWS\System32\OpenSSH;C:\Program Files (x86)\NVIDIA Corporation\PhysX\Common;D:\software\jdk7\bin;D:\software\jdk7\jre\bin;D:\software\Anaconda;D:\software\Anaconda\Scripts;D:\steam\putty;C:\WINDOWS\system32;C:\WINDOWS;C:\WINDOWS\System32\Wbem;C:\WINDOWS\System32\WindowsPowerShell\v1.0;C:\WINDOWS\System32\OpenSSH;C:\Program Files\NVIDIA Corporation\NVIDIA NvDLISR;C:\Program Files\dotnet;D:\software\npm;C:\ProgramData\chocolatey\bin;D:\software\Git\cmd;C:\Program Files\MySQL\MySQL Shell 8.0\bin;D:\software\python37\Scripts;D:\software\python37;C:\Users\ice\AppData\Local\Microsoft\WindowsApps;C:\ProgramData\ice\GitHubDesktop\bin;C:\Users\ice\AppData\Local\GitHubDesktop\bin;C:\Users\ice\AppData\Local\Microsoft\WindowsApps;D:\software\PyCharm 2019.3.1\bin;D:\software\jdk16\bin;D:\software\jdk16;D:\software\IntelliJ IDEA 2022.3.2\bin;C:\Users\ice\AppData\Roaming\npm;D:\software\mysql5.7\bin
USERNAME=ice
DISPLAY=:0.0
LC_ALL=en_US.UTF-8
TERM=xterm-256color
TMPDIR=D:\TEMP
OS=Windows_NT
PROCESSOR_IDENTIFIER=Intel64 Family 6 Model 60 Stepping 3, GenuineIntel
TMP=D:\TEMP
TEMP=D:\TEMP



---------------  S Y S T E M  ---------------

OS:
 Windows 10 , 64 bit Build 18362 (10.0.18362.1500)
OS uptime: 0 days 0:54 hours

CPU: total 8 (initial active 8) (4 cores per cpu, 2 threads per core) family 6 model 60 stepping 3 microcode 0x28, cx8, cmov, fxsr, ht, mmx, sse, sse2, sse3, ssse3, sse4.1, sse4.2, popcnt, lzcnt, tsc, tscinvbit, avx, avx2, aes, erms, clmul, bmi1, bmi2, fma, vzeroupper, clflush

Memory: 4k page, system-wide physical 16304M (5465M free)
TotalPageFile size 16304M (AvailPageFile size 35M)
current process WorkingSet (physical memory assigned to process): 48M, peak: 48M
current process commit charge ("private bytes"): 340M, peak: 340M

vm_info: OpenJDK 64-Bit Server VM (17.0.5+1-b653.25) for windows-amd64 JRE (17.0.5+1-b653.25), built on 2023-01-04 by "builduser" with MS VC++ 16.10 / 16.11 (VS2019)

END.
